Added Component: Designator=C1(C_0603)
Add component. Clean all parameters for all variants
Added Component: Designator=C2(C_0603)
Add component. Clean all parameters for all variants
Added Component: Designator=C3(C_0603)
Add component. Clean all parameters for all variants
Added Component: Designator=C4(C_0603)
Add component. Clean all parameters for all variants
Added Component: Designator=C5(C_0603)
Add component. Clean all parameters for all variants
Added Component: Designator=C6(C_0603)
Add component. Clean all parameters for all variants
Added Component: Designator=C7(C_0603)
Add component. Clean all parameters for all variants
Added Component: Designator=C8(C_0603)
Add component. Clean all parameters for all variants
Added Component: Designator=C9(C_0603)
Add component. Clean all parameters for all variants
Added Component: Designator=C10(C_0603)
Add component. Clean all parameters for all variants
Added Component: Designator=C11(C_0603)
Add component. Clean all parameters for all variants
Added Component: Designator=C12(C_0603)
Add component. Clean all parameters for all variants
Added Component: Designator=C13(C_0603)
Add component. Clean all parameters for all variants
Added Component: Designator=C14(C_0603)
Add component. Clean all parameters for all variants
Added Component: Designator=C15(C_0603)
Add component. Clean all parameters for all variants
Added Component: Designator=C16(C_0603)
Add component. Clean all parameters for all variants
Added Component: Designator=C17(C_0603)
Add component. Clean all parameters for all variants
Added Component: Designator=C18(C_0603)
Add component. Clean all parameters for all variants
Added Component: Designator=C19(C_0603)
Add component. Clean all parameters for all variants
Added Component: Designator=C20(C_0603)
Add component. Clean all parameters for all variants
Added Component: Designator=C21(C_0603)
Add component. Clean all parameters for all variants
Added Component: Designator=C22(C_0603)
Add component. Clean all parameters for all variants
Added Component: Designator=C23(C_0603)
Add component. Clean all parameters for all variants
Added Component: Designator=C24(C_0603)
Add component. Clean all parameters for all variants
Added Component: Designator=C25(C_0603)
Add component. Clean all parameters for all variants
Added Component: Designator=C26(C_0805)
Add component. Clean all parameters for all variants
Added Component: Designator=C27(C_0603)
Add component. Clean all parameters for all variants
Added Component: Designator=C28(C_0805)
Add component. Clean all parameters for all variants
Added Component: Designator=C29(C_0603)
Add component. Clean all parameters for all variants
Added Component: Designator=C30(C_0603)
Add component. Clean all parameters for all variants
Added Component: Designator=C31(C_1210)
Add component. Clean all parameters for all variants
Added Component: Designator=C32(C_0603)
Add component. Clean all parameters for all variants
Added Component: Designator=C33(C_1210)
Add component. Clean all parameters for all variants
Added Component: Designator=C34(C_0603)
Add component. Clean all parameters for all variants
Added Component: Designator=C35(C_0603)
Add component. Clean all parameters for all variants
Added Component: Designator=C36(C_0603)
Add component. Clean all parameters for all variants
Added Component: Designator=C37(C_0603)
Add component. Clean all parameters for all variants
Added Component: Designator=C38(C_0603)
Add component. Clean all parameters for all variants
Added Component: Designator=C39(C_0603)
Add component. Clean all parameters for all variants
Added Component: Designator=C40(C_0603)
Add component. Clean all parameters for all variants
Added Component: Designator=C41(C_0805)
Add component. Clean all parameters for all variants
Added Component: Designator=C42(C_Pad)
Add component. Clean all parameters for all variants
Added Component: Designator=C43(C_Pad)
Add component. Clean all parameters for all variants
Added Component: Designator=C44(C_0805)
Add component. Clean all parameters for all variants
Added Component: Designator=C45(C_0805)
Add component. Clean all parameters for all variants
Added Component: Designator=C46(C_0603)
Add component. Clean all parameters for all variants
Added Component: Designator=C47(C_0603)
Add component. Clean all parameters for all variants
Added Component: Designator=C48(C_0603)
Add component. Clean all parameters for all variants
Added Component: Designator=C49(C_0603)
Add component. Clean all parameters for all variants
Added Component: Designator=C50(C_0805)
Add component. Clean all parameters for all variants
Added Component: Designator=C51(C_0603)
Add component. Clean all parameters for all variants
Added Component: Designator=C52(C_0603)
Add component. Clean all parameters for all variants
Added Component: Designator=C53(C_0603)
Add component. Clean all parameters for all variants
Added Component: Designator=C54(C_0603)
Add component. Clean all parameters for all variants
Added Component: Designator=C55(C_0805)
Add component. Clean all parameters for all variants
Added Component: Designator=C56(C_0603)
Add component. Clean all parameters for all variants
Added Component: Designator=C57(C_0603)
Add component. Clean all parameters for all variants
Added Component: Designator=C58(C_0603)
Add component. Clean all parameters for all variants
Added Component: Designator=C59(C_0603)
Add component. Clean all parameters for all variants
Added Component: Designator=D1(DO-216AA)
Add component. Clean all parameters for all variants
Add component (AddParameter): Name = "Parameter 1"; Value = "STPS1L40M"; VariantName = "[No Variations]"
Added Component: Designator=D2(SOD-523)
Add component. Clean all parameters for all variants
Add component (AddParameter): Name = "Parameter 1"; Value = "BAT30KFILM"; VariantName = "[No Variations]"
Added Component: Designator=D3(SOD-123)
Add component. Clean all parameters for all variants
Add component (AddParameter): Name = "Parameter 1"; Value = "STPS0560Z"; VariantName = "[No Variations]"
Added Component: Designator=D4(DO-214AA)
Add component. Clean all parameters for all variants
Added Component: Designator=D5(SOD-523)
Add component. Clean all parameters for all variants
Added Component: Designator=D6(SOD-523)
Add component. Clean all parameters for all variants
Added Component: Designator=D7(SOD-123)
Add component. Clean all parameters for all variants
Add component (AddParameter): Name = "Parameter 1"; Value = "STPS0560Z"; VariantName = "[No Variations]"
Added Component: Designator=D8(SOD-523)
Add component. Clean all parameters for all variants
Added Component: Designator=D9(SOD-523)
Add component. Clean all parameters for all variants
Added Component: Designator=D10(SOD-123)
Add component. Clean all parameters for all variants
Add component (AddParameter): Name = "Parameter 1"; Value = "STPS0560Z"; VariantName = "[No Variations]"
Added Component: Designator=D11(SOD-523)
Add component. Clean all parameters for all variants
Added Component: Designator=D12(SOD-523)
Add component. Clean all parameters for all variants
Added Component: Designator=J1(Power_Input)
Add component. Clean all parameters for all variants
Added Component: Designator=J2(Power_Input)
Add component. Clean all parameters for all variants
Added Component: Designator=J3(Motor_Conn)
Add component. Clean all parameters for all variants
Added Component: Designator=J4(PWM_Input)
Add component. Clean all parameters for all variants
Added Component: Designator=J5(PIN Header 1x4 1")
Add component. Clean all parameters for all variants
Added Component: Designator=J6(PIN Header 1x4 0.5")
Add component. Clean all parameters for all variants
Added Component: Designator=L1(LPS4018-333MRB)
Add component. Clean all parameters for all variants
Add component (AddParameter): Name = "Parameter 1"; Value = "LPS4018-333MRB"; VariantName = "[No Variations]"
Added Component: Designator=R1(R_0603)
Add component. Clean all parameters for all variants
Added Component: Designator=R2(R_0603)
Add component. Clean all parameters for all variants
Added Component: Designator=R3(R_0603)
Add component. Clean all parameters for all variants
Added Component: Designator=R4(R_0603)
Add component. Clean all parameters for all variants
Added Component: Designator=R5(R_0603)
Add component. Clean all parameters for all variants
Added Component: Designator=R6(R_0603)
Add component. Clean all parameters for all variants
Added Component: Designator=R7(R_0603)
Add component. Clean all parameters for all variants
Added Component: Designator=R8(R_0603)
Add component. Clean all parameters for all variants
Added Component: Designator=R9(R_0603)
Add component. Clean all parameters for all variants
Added Component: Designator=R10(R_0603)
Add component. Clean all parameters for all variants
Added Component: Designator=R11(R_0603)
Add component. Clean all parameters for all variants
Added Component: Designator=R12(R_0603)
Add component. Clean all parameters for all variants
Added Component: Designator=R13(R_0603)
Add component. Clean all parameters for all variants
Added Component: Designator=R14(R_0603)
Add component. Clean all parameters for all variants
Added Component: Designator=R15(R_0603)
Add component. Clean all parameters for all variants
Added Component: Designator=R16(R_0603)
Add component. Clean all parameters for all variants
Added Component: Designator=R17(R_0603)
Add component. Clean all parameters for all variants
Added Component: Designator=R18(R_0603)
Add component. Clean all parameters for all variants
Added Component: Designator=R19(R_0603)
Add component. Clean all parameters for all variants
Added Component: Designator=R20(R_0603)
Add component. Clean all parameters for all variants
Added Component: Designator=R21(R_0603)
Add component. Clean all parameters for all variants
Added Component: Designator=R22(R_0603)
Add component. Clean all parameters for all variants
Added Component: Designator=R23(R_0603)
Add component. Clean all parameters for all variants
Added Component: Designator=R24(R_0603)
Add component. Clean all parameters for all variants
Added Component: Designator=R25(R_0603)
Add component. Clean all parameters for all variants
Added Component: Designator=R26(R_0603)
Add component. Clean all parameters for all variants
Added Component: Designator=R27(R_0603)
Add component. Clean all parameters for all variants
Added Component: Designator=R28(R_2512)
Add component. Clean all parameters for all variants
Added Component: Designator=R29(R_2512)
Add component. Clean all parameters for all variants
Added Component: Designator=R30(R_2512)
Add component. Clean all parameters for all variants
Added Component: Designator=R31(R_0603)
Add component. Clean all parameters for all variants
Added Component: Designator=R32(R_0603)
Add component. Clean all parameters for all variants
Added Component: Designator=R33(R_0603)
Add component. Clean all parameters for all variants
Added Component: Designator=R34(R_0603)
Add component. Clean all parameters for all variants
Added Component: Designator=R35(R_0603)
Add component. Clean all parameters for all variants
Added Component: Designator=R36(R_0603)
Add component. Clean all parameters for all variants
Added Component: Designator=R37(R_0603)
Add component. Clean all parameters for all variants
Added Component: Designator=R38(R_0603)
Add component. Clean all parameters for all variants
Added Component: Designator=R39(R_0603)
Add component. Clean all parameters for all variants
Added Component: Designator=R40(R_0603)
Add component. Clean all parameters for all variants
Added Component: Designator=R41(R_0603)
Add component. Clean all parameters for all variants
Added Component: Designator=R42(R_0603)
Add component. Clean all parameters for all variants
Added Component: Designator=R43(R_0603)
Add component. Clean all parameters for all variants
Added Component: Designator=R44(R_0603)
Add component. Clean all parameters for all variants
Added Component: Designator=R45(R_0603)
Add component. Clean all parameters for all variants
Added Component: Designator=R46(R_0805)
Add component. Clean all parameters for all variants
Added Component: Designator=R47(R_0603)
Add component. Clean all parameters for all variants
Added Component: Designator=R48(R_0603)
Add component. Clean all parameters for all variants
Added Component: Designator=R49(R_0603)
Add component. Clean all parameters for all variants
Added Component: Designator=R50(R_0603)
Add component. Clean all parameters for all variants
Added Component: Designator=R51(R_0603)
Add component. Clean all parameters for all variants
Added Component: Designator=R52(R_0603)
Add component. Clean all parameters for all variants
Added Component: Designator=R53(R_0603)
Add component. Clean all parameters for all variants
Added Component: Designator=R54(R_0805)
Add component. Clean all parameters for all variants
Added Component: Designator=R55(R_0603)
Add component. Clean all parameters for all variants
Added Component: Designator=R56(R_0603)
Add component. Clean all parameters for all variants
Added Component: Designator=R57(R_0603)
Add component. Clean all parameters for all variants
Added Component: Designator=R58(R_0603)
Add component. Clean all parameters for all variants
Added Component: Designator=R59(R_0603)
Add component. Clean all parameters for all variants
Added Component: Designator=R60(R_0603)
Add component. Clean all parameters for all variants
Added Component: Designator=R61(R_0603)
Add component. Clean all parameters for all variants
Added Component: Designator=R62(R_0805)
Add component. Clean all parameters for all variants
Added Component: Designator=R63(R_0603)
Add component. Clean all parameters for all variants
Added Component: Designator=R64(R_0603)
Add component. Clean all parameters for all variants
Added Component: Designator=R65(R_0603)
Add component. Clean all parameters for all variants
Added Component: Designator=R66(R_0603)
Add component. Clean all parameters for all variants
Added Component: Designator=TP1(Test Point)
Add component. Clean all parameters for all variants
Added Component: Designator=TP2(Test Point)
Add component. Clean all parameters for all variants
Added Component: Designator=TP3(Test Point)
Add component. Clean all parameters for all variants
Added Component: Designator=TP4(Test Point)
Add component. Clean all parameters for all variants
Added Component: Designator=TP5(Test Point)
Add component. Clean all parameters for all variants
Added Component: Designator=TP6(Test Point)
Add component. Clean all parameters for all variants
Added Component: Designator=TP7(Test Point)
Add component. Clean all parameters for all variants
Added Component: Designator=TP8(Test Point)
Add component. Clean all parameters for all variants
Added Component: Designator=TP9(Test Point)
Add component. Clean all parameters for all variants
Added Component: Designator=TP10(Test Point)
Add component. Clean all parameters for all variants
Added Component: Designator=TP11(Test Point)
Add component. Clean all parameters for all variants
Added Component: Designator=TP12(Test Point)
Add component. Clean all parameters for all variants
Added Component: Designator=TP13(Test Point)
Add component. Clean all parameters for all variants
Added Component: Designator=U1(LQFP 48)
Add component. Clean all parameters for all variants
Added Component: Designator=U2(SOT23-5)
Add component. Clean all parameters for all variants
Added Component: Designator=U3(SOT23-5)
Add component. Clean all parameters for all variants
Added Component: Designator=U4(SOT23-5)
Add component. Clean all parameters for all variants
Added Component: Designator=U5(VFDFPN10)
Add component. Clean all parameters for all variants
Added Component: Designator=U6(SOT-223)
Add component. Clean all parameters for all variants
Added Component: Designator=U8(SO-8)
Add component. Clean all parameters for all variants
Added Component: Designator=U9(SO-8)
Add component. Clean all parameters for all variants
Added Component: Designator=U10(SO-8)
Add component. Clean all parameters for all variants
Added Component: Designator=X1(CSTCE8M00G55-R0)
Add component. Clean all parameters for all variants
Added Pin To Net: NetName=GND Pin=C1-1
Added Pin To Net: NetName=+3.3V Pin=C1-2
Added Pin To Net: NetName=GND Pin=C2-1
Added Pin To Net: NetName=+3.3V Pin=C2-2
Added Pin To Net: NetName=GND Pin=C3-1
Added Pin To Net: NetName=+3.3V Pin=C3-2
Added Pin To Net: NetName=GND Pin=C4-1
Added Pin To Net: NetName=+3.3V Pin=C4-2
Added Pin To Net: NetName=GND Pin=C5-1
Added Pin To Net: NetName=NetC5_2 Pin=C5-2
Added Pin To Net: NetName=GND Pin=C6-1
Added Pin To Net: NetName=+3.3V Pin=C6-2
Added Pin To Net: NetName=GND Pin=C7-1
Added Pin To Net: NetName=+3.3V Pin=C7-2
Added Pin To Net: NetName=GND Pin=C8-1
Added Pin To Net: NetName=+3.3V Pin=C8-2
Added Pin To Net: NetName=GND Pin=C9-1
Added Pin To Net: NetName=NetC9_2 Pin=C9-2
Added Pin To Net: NetName=GND Pin=C10-1
Added Pin To Net: NetName=+3.3V Pin=C10-2
Added Pin To Net: NetName=GND Pin=C11-1
Added Pin To Net: NetName=+3.3V Pin=C11-2
Added Pin To Net: NetName=GND Pin=C12-1
Added Pin To Net: NetName=VREF Pin=C12-2
Added Pin To Net: NetName=GND Pin=C13-1
Added Pin To Net: NetName=VSHUNT_1_FILTERED Pin=C13-2
Added Pin To Net: NetName=GND Pin=C14-1
Added Pin To Net: NetName=VSHUNT_2_FILTERED Pin=C14-2
Added Pin To Net: NetName=GND Pin=C15-1
Added Pin To Net: NetName=VSHUNT_3_FILTERED Pin=C15-2
Added Pin To Net: NetName=GND Pin=C16-1
Added Pin To Net: NetName=NetC16_2 Pin=C16-2
Added Pin To Net: NetName=NetC17_1 Pin=C17-1
Added Pin To Net: NetName=GND Pin=C17-2
Added Pin To Net: NetName=GND Pin=C18-1
Added Pin To Net: NetName=NetC18_2 Pin=C18-2
Added Pin To Net: NetName=NetC19_1 Pin=C19-1
Added Pin To Net: NetName=GND Pin=C19-2
Added Pin To Net: NetName=NetC20_1 Pin=C20-1
Added Pin To Net: NetName=CURR_FDBK1 Pin=C20-2
Added Pin To Net: NetName=GND Pin=C21-1
Added Pin To Net: NetName=NetC21_2 Pin=C21-2
Added Pin To Net: NetName=NetC22_1 Pin=C22-1
Added Pin To Net: NetName=GND Pin=C22-2
Added Pin To Net: NetName=NetC23_1 Pin=C23-1
Added Pin To Net: NetName=CURR_FDBK2 Pin=C23-2
Added Pin To Net: NetName=GND Pin=C24-1
Added Pin To Net: NetName=+3.3V Pin=C24-2
Added Pin To Net: NetName=NetC25_1 Pin=C25-1
Added Pin To Net: NetName=CURR_FDBK3 Pin=C25-2
Added Pin To Net: NetName=V- Pin=C26-1
Added Pin To Net: NetName=V+ Pin=C26-2
Added Pin To Net: NetName=V- Pin=C27-1
Added Pin To Net: NetName=+10V Pin=C27-2
Added Pin To Net: NetName=V- Pin=C28-1
Added Pin To Net: NetName=+5V Pin=C28-2
Added Pin To Net: NetName=NetC29_1 Pin=C29-1
Added Pin To Net: NetName=+10V Pin=C29-2
Added Pin To Net: NetName=NetC30_1 Pin=C30-1
Added Pin To Net: NetName=NetC30_2 Pin=C30-2
Added Pin To Net: NetName=V- Pin=C31-1
Added Pin To Net: NetName=V+ Pin=C31-2
Added Pin To Net: NetName=NetC32_1 Pin=C32-1
Added Pin To Net: NetName=NetC30_2 Pin=C32-2
Added Pin To Net: NetName=V- Pin=C33-1
Added Pin To Net: NetName=+10V Pin=C33-2
Added Pin To Net: NetName=V- Pin=C34-1
Added Pin To Net: NetName=NetC34_2 Pin=C34-2
Added Pin To Net: NetName=V- Pin=C35-1
Added Pin To Net: NetName=+3.3V Pin=C35-2
Added Pin To Net: NetName=TEMP_FDBK Pin=C36-1
Added Pin To Net: NetName=V- Pin=C36-2
Added Pin To Net: NetName=V- Pin=C37-1
Added Pin To Net: NetName=PHASE_3 Pin=C37-2
Added Pin To Net: NetName=V- Pin=C38-1
Added Pin To Net: NetName=PHASE_2 Pin=C38-2
Added Pin To Net: NetName=V- Pin=C39-1
Added Pin To Net: NetName=PHASE_1 Pin=C39-2
Added Pin To Net: NetName=V- Pin=C40-1
Added Pin To Net: NetName=VBUS Pin=C40-2
Added Pin To Net: NetName=NetC41_1 Pin=C41-1
Added Pin To Net: NetName=OUT1 Pin=C41-2
Added Pin To Net: NetName=V+ Pin=C42-1
Added Pin To Net: NetName=V- Pin=C42-2
Added Pin To Net: NetName=V+ Pin=C43-1
Added Pin To Net: NetName=V- Pin=C43-2
Added Pin To Net: NetName=V- Pin=C44-1
Added Pin To Net: NetName=V+ Pin=C44-2
Added Pin To Net: NetName=V- Pin=C45-1
Added Pin To Net: NetName=V+ Pin=C45-2
Added Pin To Net: NetName=V- Pin=C46-1
Added Pin To Net: NetName=TIM1_CH1N Pin=C46-2
Added Pin To Net: NetName=V- Pin=C47-1
Added Pin To Net: NetName=TIM1_CH1 Pin=C47-2
Added Pin To Net: NetName=V- Pin=C48-1
Added Pin To Net: NetName=+10V Pin=C48-2
Added Pin To Net: NetName=V- Pin=C49-1
Added Pin To Net: NetName=NetC49_2 Pin=C49-2
Added Pin To Net: NetName=NetC50_1 Pin=C50-1
Added Pin To Net: NetName=OUT2 Pin=C50-2
Added Pin To Net: NetName=V- Pin=C51-1
Added Pin To Net: NetName=TIM1_CH2N Pin=C51-2
Added Pin To Net: NetName=V- Pin=C52-1
Added Pin To Net: NetName=TIM1_CH2 Pin=C52-2
Added Pin To Net: NetName=V- Pin=C53-1
Added Pin To Net: NetName=+10V Pin=C53-2
Added Pin To Net: NetName=V- Pin=C54-1
Added Pin To Net: NetName=NetC54_2 Pin=C54-2
Added Pin To Net: NetName=NetC55_1 Pin=C55-1
Added Pin To Net: NetName=OUT3 Pin=C55-2
Added Pin To Net: NetName=V- Pin=C56-1
Added Pin To Net: NetName=TIM1_CH3N Pin=C56-2
Added Pin To Net: NetName=V- Pin=C57-1
Added Pin To Net: NetName=TIM1_CH3 Pin=C57-2
Added Pin To Net: NetName=V- Pin=C58-1
Added Pin To Net: NetName=+10V Pin=C58-2
Added Pin To Net: NetName=V- Pin=C59-1
Added Pin To Net: NetName=NetC59_2 Pin=C59-2
Added Pin To Net: NetName=V- Pin=D1-1
Added Pin To Net: NetName=NetD1_2 Pin=D1-2
Added Pin To Net: NetName=VBUS Pin=D2-1
Added Pin To Net: NetName=+3.3V Pin=D2-2
Added Pin To Net: NetName=+10V Pin=D3-1
Added Pin To Net: NetName=NetD3_2 Pin=D3-2
Added Pin To Net: NetName=V- Pin=D4-1
Added Pin To Net: NetName=V+ Pin=D4-2
Added Pin To Net: NetName=NetD5_1 Pin=D5-1
Added Pin To Net: NetName=NetD5_2 Pin=D5-2
Added Pin To Net: NetName=NetD6_1 Pin=D6-1
Added Pin To Net: NetName=NetD6_2 Pin=D6-2
Added Pin To Net: NetName=+10V Pin=D7-1
Added Pin To Net: NetName=NetD7_2 Pin=D7-2
Added Pin To Net: NetName=NetD8_1 Pin=D8-1
Added Pin To Net: NetName=NetD8_2 Pin=D8-2
Added Pin To Net: NetName=NetD9_1 Pin=D9-1
Added Pin To Net: NetName=NetD9_2 Pin=D9-2
Added Pin To Net: NetName=+10V Pin=D10-1
Added Pin To Net: NetName=NetD10_2 Pin=D10-2
Added Pin To Net: NetName=NetD11_1 Pin=D11-1
Added Pin To Net: NetName=NetD11_2 Pin=D11-2
Added Pin To Net: NetName=NetD12_1 Pin=D12-1
Added Pin To Net: NetName=NetD12_2 Pin=D12-2
Added Pin To Net: NetName=V+ Pin=J1-1
Added Pin To Net: NetName=V- Pin=J2-1
Added Pin To Net: NetName=OUT3 Pin=J3-1
Added Pin To Net: NetName=OUT2 Pin=J3-2
Added Pin To Net: NetName=OUT1 Pin=J3-3
Added Pin To Net: NetName=INPUT Pin=J4-1
Added Pin To Net: NetName=+5V Pin=J4-2
Added Pin To Net: NetName=GND Pin=J4-3
Added Pin To Net: NetName=+3.3V Pin=J5-1
Added Pin To Net: NetName=SWCLK Pin=J5-2
Added Pin To Net: NetName=SWDIO Pin=J5-3
Added Pin To Net: NetName=GND Pin=J5-4
Added Pin To Net: NetName=USART1_TX/I2C1_SCL Pin=J6-1
Added Pin To Net: NetName=USART1_RX/I2C1_SDA Pin=J6-2
Added Pin To Net: NetName=+3.3V Pin=J6-3
Added Pin To Net: NetName=GND Pin=J6-4
Added Pin To Net: NetName=NetD1_2 Pin=L1-1
Added Pin To Net: NetName=+10V Pin=L1-2
Added Pin To Net: NetName=NetR1_1 Pin=R1-1
Added Pin To Net: NetName=GND Pin=R1-2
Added Pin To Net: NetName=NetR2_1 Pin=R2-1
Added Pin To Net: NetName=NetR2_2 Pin=R2-2
Added Pin To Net: NetName=NetC9_2 Pin=R3-1
Added Pin To Net: NetName=VBUS Pin=R3-2
Added Pin To Net: NetName=VREF Pin=R4-1
Added Pin To Net: NetName=NetR4_2 Pin=R4-2
Added Pin To Net: NetName=VSHUNT_1 Pin=R5-1
Added Pin To Net: NetName=VSHUNT_1_FILTERED Pin=R5-2
Added Pin To Net: NetName=VSHUNT_2 Pin=R6-1
Added Pin To Net: NetName=VSHUNT_2_FILTERED Pin=R6-2
Added Pin To Net: NetName=VSHUNT_3 Pin=R7-1
Added Pin To Net: NetName=VSHUNT_3_FILTERED Pin=R7-2
Added Pin To Net: NetName=NetC17_1 Pin=R8-1
Added Pin To Net: NetName=+3.3V Pin=R8-2
Added Pin To Net: NetName=NetC17_1 Pin=R9-1
Added Pin To Net: NetName=VSHUNT_1 Pin=R9-2
Added Pin To Net: NetName=GND Pin=R10-1
Added Pin To Net: NetName=NetC20_1 Pin=R10-2
Added Pin To Net: NetName=NetC19_1 Pin=R11-1
Added Pin To Net: NetName=+3.3V Pin=R11-2
Added Pin To Net: NetName=NetC20_1 Pin=R12-1
Added Pin To Net: NetName=CURR_FDBK1 Pin=R12-2
Added Pin To Net: NetName=NetC19_1 Pin=R13-1
Added Pin To Net: NetName=VSHUNT_2 Pin=R13-2
Added Pin To Net: NetName=GND Pin=R14-1
Added Pin To Net: NetName=NetC23_1 Pin=R14-2
Added Pin To Net: NetName=NetC22_1 Pin=R15-1
Added Pin To Net: NetName=+3.3V Pin=R15-2
Added Pin To Net: NetName=NetC23_1 Pin=R16-1
Added Pin To Net: NetName=CURR_FDBK2 Pin=R16-2
Added Pin To Net: NetName=NetC22_1 Pin=R17-1
Added Pin To Net: NetName=VSHUNT_3 Pin=R17-2
Added Pin To Net: NetName=GND Pin=R18-1
Added Pin To Net: NetName=NetC25_1 Pin=R18-2
Added Pin To Net: NetName=VREF Pin=R19-1
Added Pin To Net: NetName=+3.3V Pin=R19-2
Added Pin To Net: NetName=NetC25_1 Pin=R20-1
Added Pin To Net: NetName=CURR_FDBK3 Pin=R20-2
Added Pin To Net: NetName=GND Pin=R21-1
Added Pin To Net: NetName=VREF Pin=R21-2
Added Pin To Net: NetName=NetR22_1 Pin=R22-1
Added Pin To Net: NetName=+10V Pin=R22-2
Added Pin To Net: NetName=NetC30_1 Pin=R23-1
Added Pin To Net: NetName=NetC29_1 Pin=R23-2
Added Pin To Net: NetName=+5V Pin=R24-1
Added Pin To Net: NetName=NetC34_2 Pin=R24-2
Added Pin To Net: NetName=NetC30_1 Pin=R25-1
Added Pin To Net: NetName=NetC32_1 Pin=R25-2
Added Pin To Net: NetName=V- Pin=R26-1
Added Pin To Net: NetName=NetR26_2 Pin=R26-2
Added Pin To Net: NetName=V- Pin=R27-1
Added Pin To Net: NetName=NetR22_1 Pin=R27-2
Added Pin To Net: NetName=V- Pin=R28-1
Added Pin To Net: NetName=VSHUNT_1 Pin=R28-2
Added Pin To Net: NetName=V- Pin=R29-1
Added Pin To Net: NetName=VSHUNT_2 Pin=R29-2
Added Pin To Net: NetName=V- Pin=R30-1
Added Pin To Net: NetName=VSHUNT_3 Pin=R30-2
Added Pin To Net: NetName=PHASE_1 Pin=R31-1
Added Pin To Net: NetName=OUT1 Pin=R31-2
Added Pin To Net: NetName=VBUS Pin=R32-1
Added Pin To Net: NetName=V+ Pin=R32-2
Added Pin To Net: NetName=PHASE_2 Pin=R33-1
Added Pin To Net: NetName=OUT2 Pin=R33-2
Added Pin To Net: NetName=PHASE_3 Pin=R34-1
Added Pin To Net: NetName=OUT3 Pin=R34-2
Added Pin To Net: NetName=+3.3V Pin=R35-1
Added Pin To Net: NetName=TEMP_FDBK Pin=R35-2
Added Pin To Net: NetName=TEMP_FDBK Pin=R36-1
Added Pin To Net: NetName=V- Pin=R36-2
Added Pin To Net: NetName=V- Pin=R37-1
Added Pin To Net: NetName=PHASE_3 Pin=R37-2
Added Pin To Net: NetName=V- Pin=R38-1
Added Pin To Net: NetName=PHASE_2 Pin=R38-2
Added Pin To Net: NetName=V- Pin=R39-1
Added Pin To Net: NetName=PHASE_1 Pin=R39-2
Added Pin To Net: NetName=V- Pin=R40-1
Added Pin To Net: NetName=VBUS Pin=R40-2
Added Pin To Net: NetName=NetD3_2 Pin=R41-1
Added Pin To Net: NetName=NetC41_1 Pin=R41-2
Added Pin To Net: NetName=NetR42_1 Pin=R42-1
Added Pin To Net: NetName=NetD5_1 Pin=R42-2
Added Pin To Net: NetName=NetR42_1 Pin=R43-1
Added Pin To Net: NetName=NetD5_2 Pin=R43-2
Added Pin To Net: NetName=OUT1 Pin=R44-1
Added Pin To Net: NetName=NetD5_2 Pin=R44-2
Added Pin To Net: NetName=NetR45_1 Pin=R45-1
Added Pin To Net: NetName=NetD6_1 Pin=R45-2
Added Pin To Net: NetName=NetC49_2 Pin=R46-1
Added Pin To Net: NetName=OUT1 Pin=R46-2
Added Pin To Net: NetName=NetR45_1 Pin=R47-1
Added Pin To Net: NetName=NetD6_2 Pin=R47-2
Added Pin To Net: NetName=VSHUNT_1 Pin=R48-1
Added Pin To Net: NetName=NetD6_2 Pin=R48-2
Added Pin To Net: NetName=NetD7_2 Pin=R49-1
Added Pin To Net: NetName=NetC50_1 Pin=R49-2
Added Pin To Net: NetName=NetR50_1 Pin=R50-1
Added Pin To Net: NetName=NetD8_1 Pin=R50-2
Added Pin To Net: NetName=NetR50_1 Pin=R51-1
Added Pin To Net: NetName=NetD8_2 Pin=R51-2
Added Pin To Net: NetName=OUT2 Pin=R52-1
Added Pin To Net: NetName=NetD8_2 Pin=R52-2
Added Pin To Net: NetName=NetR53_1 Pin=R53-1
Added Pin To Net: NetName=NetD9_1 Pin=R53-2
Added Pin To Net: NetName=NetC54_2 Pin=R54-1
Added Pin To Net: NetName=OUT2 Pin=R54-2
Added Pin To Net: NetName=NetR53_1 Pin=R55-1
Added Pin To Net: NetName=NetD9_2 Pin=R55-2
Added Pin To Net: NetName=VSHUNT_2 Pin=R56-1
Added Pin To Net: NetName=NetD9_2 Pin=R56-2
Added Pin To Net: NetName=NetD10_2 Pin=R57-1
Added Pin To Net: NetName=NetC55_1 Pin=R57-2
Added Pin To Net: NetName=NetR58_1 Pin=R58-1
Added Pin To Net: NetName=NetD11_1 Pin=R58-2
Added Pin To Net: NetName=NetR58_1 Pin=R59-1
Added Pin To Net: NetName=NetD11_2 Pin=R59-2
Added Pin To Net: NetName=OUT3 Pin=R60-1
Added Pin To Net: NetName=NetD11_2 Pin=R60-2
Added Pin To Net: NetName=NetR61_1 Pin=R61-1
Added Pin To Net: NetName=NetD12_1 Pin=R61-2
Added Pin To Net: NetName=NetC59_2 Pin=R62-1
Added Pin To Net: NetName=OUT3 Pin=R62-2
Added Pin To Net: NetName=NetR61_1 Pin=R63-1
Added Pin To Net: NetName=NetD12_2 Pin=R63-2
Added Pin To Net: NetName=VSHUNT_3 Pin=R64-1
Added Pin To Net: NetName=NetD12_2 Pin=R64-2
Added Pin To Net: NetName=NetD13_1 Pin=R65-1
Added Pin To Net: NetName=+3.3V Pin=R65-2
Added Pin To Net: NetName=NetD14_1 Pin=R66-1
Added Pin To Net: NetName=STATUS Pin=R66-2
Added Pin To Net: NetName=NetTP1_1 Pin=TP1-1
Added Pin To Net: NetName=NetTP2_1 Pin=TP2-1
Added Pin To Net: NetName=CURR_FDBK1 Pin=TP3-1
Added Pin To Net: NetName=CURR_FDBK2 Pin=TP4-1
Added Pin To Net: NetName=CURR_FDBK3 Pin=TP5-1
Added Pin To Net: NetName=NetTP6_1 Pin=TP6-1
Added Pin To Net: NetName=NetR4_2 Pin=TP7-1
Added Pin To Net: NetName=TIM1_CH1N Pin=TP8-1
Added Pin To Net: NetName=TIM1_CH1 Pin=TP9-1
Added Pin To Net: NetName=TIM1_CH2N Pin=TP10-1
Added Pin To Net: NetName=TIM1_CH2 Pin=TP11-1
Added Pin To Net: NetName=TIM1_CH3N Pin=TP12-1
Added Pin To Net: NetName=TIM1_CH3 Pin=TP13-1
Added Pin To Net: NetName=+3.3V Pin=U1-1
Added Pin To Net: NetName=NetTP2_1 Pin=U1-2
Added Pin To Net: NetName=NetU1_5 Pin=U1-5
Added Pin To Net: NetName=NetR2_2 Pin=U1-6
Added Pin To Net: NetName=NetC5_2 Pin=U1-7
Added Pin To Net: NetName=GND Pin=U1-8
Added Pin To Net: NetName=+3.3V Pin=U1-9
Added Pin To Net: NetName=CURR_FDBK1 Pin=U1-10
Added Pin To Net: NetName=CURR_FDBK2 Pin=U1-11
Added Pin To Net: NetName=CURR_FDBK3 Pin=U1-12
Added Pin To Net: NetName=TEMP_FDBK Pin=U1-13
Added Pin To Net: NetName=NetR4_2 Pin=U1-14
Added Pin To Net: NetName=NetTP6_1 Pin=U1-15
Added Pin To Net: NetName=VSHUNT_1_FILTERED Pin=U1-17
Added Pin To Net: NetName=VSHUNT_2_FILTERED Pin=U1-18
Added Pin To Net: NetName=TIM1_CH3N Pin=U1-19
Added Pin To Net: NetName=STATUS Pin=U1-20
Added Pin To Net: NetName=VSHUNT_3_FILTERED Pin=U1-22
Added Pin To Net: NetName=GND Pin=U1-23
Added Pin To Net: NetName=+3.3V Pin=U1-24
Added Pin To Net: NetName=PHASE_1 Pin=U1-25
Added Pin To Net: NetName=NetC9_2 Pin=U1-26
Added Pin To Net: NetName=PHASE_2 Pin=U1-27
Added Pin To Net: NetName=PHASE_3 Pin=U1-28
Added Pin To Net: NetName=TIM1_CH1 Pin=U1-29
Added Pin To Net: NetName=TIM1_CH2 Pin=U1-30
Added Pin To Net: NetName=TIM1_CH3 Pin=U1-31
Added Pin To Net: NetName=TIM1_CH1N Pin=U1-32
Added Pin To Net: NetName=TIM1_CH2N Pin=U1-33
Added Pin To Net: NetName=SWDIO Pin=U1-34
Added Pin To Net: NetName=GND Pin=U1-35
Added Pin To Net: NetName=+3.3V Pin=U1-36
Added Pin To Net: NetName=SWCLK Pin=U1-37
Added Pin To Net: NetName=INPUT Pin=U1-38
Added Pin To Net: NetName=NetTP1_1 Pin=U1-40
Added Pin To Net: NetName=USART1_TX/I2C1_SCL Pin=U1-42
Added Pin To Net: NetName=USART1_RX/I2C1_SDA Pin=U1-43
Added Pin To Net: NetName=NetR1_1 Pin=U1-44
Added Pin To Net: NetName=GND Pin=U1-47
Added Pin To Net: NetName=+3.3V Pin=U1-48
Added Pin To Net: NetName=CURR_FDBK1 Pin=U2-1
Added Pin To Net: NetName=GND Pin=U2-2
Added Pin To Net: NetName=NetC17_1 Pin=U2-3
Added Pin To Net: NetName=NetC20_1 Pin=U2-4
Added Pin To Net: NetName=NetC16_2 Pin=U2-5
Added Pin To Net: NetName=CURR_FDBK2 Pin=U3-1
Added Pin To Net: NetName=GND Pin=U3-2
Added Pin To Net: NetName=NetC19_1 Pin=U3-3
Added Pin To Net: NetName=NetC23_1 Pin=U3-4
Added Pin To Net: NetName=NetC18_2 Pin=U3-5
Added Pin To Net: NetName=CURR_FDBK3 Pin=U4-1
Added Pin To Net: NetName=GND Pin=U4-2
Added Pin To Net: NetName=NetC22_1 Pin=U4-3
Added Pin To Net: NetName=NetC25_1 Pin=U4-4
Added Pin To Net: NetName=NetC21_2 Pin=U4-5
Added Pin To Net: NetName=NetD1_2 Pin=U5-1
Added Pin To Net: NetName=NetD1_2 Pin=U5-2
Added Pin To Net: NetName=V+ Pin=U5-4
Added Pin To Net: NetName=NetC30_2 Pin=U5-5
Added Pin To Net: NetName=NetC30_1 Pin=U5-6
Added Pin To Net: NetName=NetR26_2 Pin=U5-7
Added Pin To Net: NetName=V- Pin=U5-8
Added Pin To Net: NetName=V+ Pin=U5-9
Added Pin To Net: NetName=V+ Pin=U5-10
Added Pin To Net: NetName=V- Pin=U6-1
Added Pin To Net: NetName=+5V Pin=U6-2
Added Pin To Net: NetName=+10V Pin=U6-3
Added Pin To Net: NetName=TIM1_CH1N Pin=U8-1
Added Pin To Net: NetName=TIM1_CH1 Pin=U8-2
Added Pin To Net: NetName=+10V Pin=U8-3
Added Pin To Net: NetName=V- Pin=U8-4
Added Pin To Net: NetName=NetR45_1 Pin=U8-5
Added Pin To Net: NetName=OUT1 Pin=U8-6
Added Pin To Net: NetName=NetR42_1 Pin=U8-7
Added Pin To Net: NetName=NetC41_1 Pin=U8-8
Added Pin To Net: NetName=TIM1_CH2N Pin=U9-1
Added Pin To Net: NetName=TIM1_CH2 Pin=U9-2
Added Pin To Net: NetName=+10V Pin=U9-3
Added Pin To Net: NetName=V- Pin=U9-4
Added Pin To Net: NetName=NetR53_1 Pin=U9-5
Added Pin To Net: NetName=OUT2 Pin=U9-6
Added Pin To Net: NetName=NetR50_1 Pin=U9-7
Added Pin To Net: NetName=NetC50_1 Pin=U9-8
Added Pin To Net: NetName=TIM1_CH3N Pin=U10-1
Added Pin To Net: NetName=TIM1_CH3 Pin=U10-2
Added Pin To Net: NetName=+10V Pin=U10-3
Added Pin To Net: NetName=V- Pin=U10-4
Added Pin To Net: NetName=NetR61_1 Pin=U10-5
Added Pin To Net: NetName=OUT3 Pin=U10-6
Added Pin To Net: NetName=NetR58_1 Pin=U10-7
Added Pin To Net: NetName=NetC55_1 Pin=U10-8
Added Pin To Net: NetName=NetR2_1 Pin=X1-1
Added Pin To Net: NetName=NetU1_5 Pin=X1-2
Added Member To Class: ClassName=U_Microcontroller Member=Component C1 100nF 25V X7R
Added Member To Class: ClassName=U_Microcontroller Member=Component C2 1nF 50V X7R
Added Member To Class: ClassName=U_Microcontroller Member=Component C3 1nF 50V X7R
Added Member To Class: ClassName=U_Microcontroller Member=Component C4 100nF 25V X7R
Added Member To Class: ClassName=U_Microcontroller Member=Component C5 100nF 25V X7R
Added Member To Class: ClassName=U_Microcontroller Member=Component C6 4.7uF 10V X5R
Added Member To Class: ClassName=U_Microcontroller Member=Component C7 10nF 50V X7R
Added Member To Class: ClassName=U_Microcontroller Member=Component C8 1uF 16V X7R
Added Member To Class: ClassName=U_Microcontroller Member=Component C9 100nF 25V X7R
Added Member To Class: ClassName=U_Microcontroller Member=Component C10 100nF 25V X7R
Added Member To Class: ClassName=U_Microcontroller Member=Component C11 1nF 50V X7R
Added Member To Class: ClassName=U_Microcontroller Member=Component C12 100nF 25V X7R
Added Member To Class: ClassName=U_Comparator_OpAmp Member=Component C13 15nF 10V X7R
Added Member To Class: ClassName=U_Comparator_OpAmp Member=Component C14 15nF 10V X7R
Added Member To Class: ClassName=U_Comparator_OpAmp Member=Component C15 15nF 10V X7R
Added Member To Class: ClassName=U_Comparator_OpAmp Member=Component C16 100nF 25V X7R
Added Member To Class: ClassName=U_Comparator_OpAmp Member=Component C17 680pF 10V COG
Added Member To Class: ClassName=U_Comparator_OpAmp Member=Component C18 100nF 25V X7R
Added Member To Class: ClassName=U_Comparator_OpAmp Member=Component C19 680pF 10V COG
Added Member To Class: ClassName=U_Comparator_OpAmp Member=Component C20 100pF
Added Member To Class: ClassName=U_Comparator_OpAmp Member=Component C21 100nF 25V X7R
Added Member To Class: ClassName=U_Comparator_OpAmp Member=Component C22 680pF 10V COG
Added Member To Class: ClassName=U_Comparator_OpAmp Member=Component C23 100pF
Added Member To Class: ClassName=U_Comparator_OpAmp Member=Component C24 100nF 25V X7R
Added Member To Class: ClassName=U_Comparator_OpAmp Member=Component C25 100pF
Added Member To Class: ClassName=U_Power_Phase Member=Component C26 220nF 50V X7R
Added Member To Class: ClassName=U_Power_Phase Member=Component C27 100nF 25V X7R
Added Member To Class: ClassName=U_Power_Phase Member=Component C28 10uF 25V X7R
Added Member To Class: ClassName=U_Power_Phase Member=Component C29 3.9nF 50V X7R
Added Member To Class: ClassName=U_Power_Phase Member=Component C30 27pF 50V COG
Added Member To Class: ClassName=U_Power_Phase Member=Component C31 10uF 50V X5R
Added Member To Class: ClassName=U_Power_Phase Member=Component C32 4.7nF 16V X7R
Added Member To Class: ClassName=U_Power_Phase Member=Component C33 22uF 25V X5R
Added Member To Class: ClassName=U_Power_Phase Member=Component C34 1uF 16V X7R
Added Member To Class: ClassName=U_Power_Phase Member=Component C35 1uF 16V X7R
Added Member To Class: ClassName=U_Power_Phase Member=Component C36 10nF 50V X7R
Added Member To Class: ClassName=U_Power_Phase Member=Component C37 100nF 25V X7R
Added Member To Class: ClassName=U_Power_Phase Member=Component C38 100nF 25V X7R
Added Member To Class: ClassName=U_Power_Phase Member=Component C39 100nF 25V X7R
Added Member To Class: ClassName=U_Power_Phase Member=Component C40 4.7nF 16V X7R
Added Member To Class: ClassName=U_Output Member=Component C41 1uF 50V X7R
Added Member To Class: ClassName=U_Output Member=Component C42 330uF 35V
Added Member To Class: ClassName=U_Output Member=Component C43 330uF 35V
Added Member To Class: ClassName=U_Output Member=Component C44 100nF 100V X7R
Added Member To Class: ClassName=U_Output Member=Component C45 100nF 100V X7R
Added Member To Class: ClassName=U_Output Member=Component C46 100pF 16V X7R
Added Member To Class: ClassName=U_Output Member=Component C47 100pF 16V X7R
Added Member To Class: ClassName=U_Output Member=Component C48 470nF 25V X7R
Added Member To Class: ClassName=U_Output Member=Component C49 10nF 100V X7R
Added Member To Class: ClassName=U_Output Member=Component C50 1uF 50V X7R
Added Member To Class: ClassName=U_Output Member=Component C51 100pF 16V X7R
Added Member To Class: ClassName=U_Output Member=Component C52 100pF 16V X7R
Added Member To Class: ClassName=U_Output Member=Component C53 470nF 25V X7R
Added Member To Class: ClassName=U_Output Member=Component C54 10nF 100V X7R
Added Member To Class: ClassName=U_Output Member=Component C55 1uF 50V X7R
Added Member To Class: ClassName=U_Output Member=Component C56 100pF 16V X7R
Added Member To Class: ClassName=U_Output Member=Component C57 100pF 16V X7R
Added Member To Class: ClassName=U_Output Member=Component C58 470nF 25V X7R
Added Member To Class: ClassName=U_Output Member=Component C59 10nF 100V X7R
Added Member To Class: ClassName=U_Power_Phase Member=Component D1 40V 1A
Added Member To Class: ClassName=U_Power_Phase Member=Component D2 30V 0.3A
Added Member To Class: ClassName=U_Output Member=Component D3 60V 0.5A
Added Member To Class: ClassName=U_Output Member=Component D4 SMBJ26A-TR
Added Member To Class: ClassName=U_Output Member=Component D5 Diode
Added Member To Class: ClassName=U_Output Member=Component D6 Diode
Added Member To Class: ClassName=U_Output Member=Component D7 60V 0.5A
Added Member To Class: ClassName=U_Output Member=Component D8 Diode
Added Member To Class: ClassName=U_Output Member=Component D9 Diode
Added Member To Class: ClassName=U_Output Member=Component D10 60V 0.5A
Added Member To Class: ClassName=U_Output Member=Component D11 Diode
Added Member To Class: ClassName=U_Output Member=Component D12 Diode
Added Member To Class: ClassName=U_Output Member=Component J1 CON1
Added Member To Class: ClassName=U_Output Member=Component J2 CON1
Added Member To Class: ClassName=U_Output Member=Component J3 MOTOR
Added Member To Class: ClassName=U_Comuncation Member=Component J4 PWMINPUT
Added Member To Class: ClassName=U_Comuncation Member=Component J5 SWD
Added Member To Class: ClassName=U_Comuncation Member=Component J6 UART
Added Member To Class: ClassName=U_Power_Phase Member=Component L1 33uH 0.5A
Added Member To Class: ClassName=U_Microcontroller Member=Component R1 10K 5%
Added Member To Class: ClassName=U_Microcontroller Member=Component R2 220R 5%
Added Member To Class: ClassName=U_Microcontroller Member=Component R3 0R 5%
Added Member To Class: ClassName=U_Microcontroller Member=Component R4 0R 5%
Added Member To Class: ClassName=U_Comparator_OpAmp Member=Component R5 680R 5%
Added Member To Class: ClassName=U_Comparator_OpAmp Member=Component R6 680R 5%
Added Member To Class: ClassName=U_Comparator_OpAmp Member=Component R7 680R 5%
Added Member To Class: ClassName=U_Comparator_OpAmp Member=Component R8 8.06K 1%
Added Member To Class: ClassName=U_Comparator_OpAmp Member=Component R9 787R 1%
Added Member To Class: ClassName=U_Comparator_OpAmp Member=Component R10 3.4K 1%
Added Member To Class: ClassName=U_Comparator_OpAmp Member=Component R11 8.06K 1%
Added Member To Class: ClassName=U_Comparator_OpAmp Member=Component R12 13K 1%
Added Member To Class: ClassName=U_Comparator_OpAmp Member=Component R13 787R 1%
Added Member To Class: ClassName=U_Comparator_OpAmp Member=Component R14 3.4K 1%
Added Member To Class: ClassName=U_Comparator_OpAmp Member=Component R15 8.06K 1%
Added Member To Class: ClassName=U_Comparator_OpAmp Member=Component R16 13K 1%
Added Member To Class: ClassName=U_Comparator_OpAmp Member=Component R17 787R 1%
Added Member To Class: ClassName=U_Comparator_OpAmp Member=Component R18 3.4K 1%
Added Member To Class: ClassName=U_Comparator_OpAmp Member=Component R19 33K 5%
Added Member To Class: ClassName=U_Comparator_OpAmp Member=Component R20 13K 1%
Added Member To Class: ClassName=U_Comparator_OpAmp Member=Component R21 5.9K 5%
Added Member To Class: ClassName=U_Power_Phase Member=Component R22 4.7K 1%
Added Member To Class: ClassName=U_Power_Phase Member=Component R23 62R 1%
Added Member To Class: ClassName=U_Power_Phase Member=Component R24 0R 5%
Added Member To Class: ClassName=U_Power_Phase Member=Component R25 8.2K 1%
Added Member To Class: ClassName=U_Power_Phase Member=Component R26 34.8K 1%
Added Member To Class: ClassName=U_Power_Phase Member=Component R27 300R 1%
Added Member To Class: ClassName=U_Power_Phase Member=Component R28 0.01R 1%
Added Member To Class: ClassName=U_Power_Phase Member=Component R29 0.01R 1%
Added Member To Class: ClassName=U_Power_Phase Member=Component R30 0.01R 1%
Added Member To Class: ClassName=U_Power_Phase Member=Component R31 33K 1%
Added Member To Class: ClassName=U_Power_Phase Member=Component R32 169K 1%
Added Member To Class: ClassName=U_Power_Phase Member=Component R33 33K 1%
Added Member To Class: ClassName=U_Power_Phase Member=Component R34 33K 1%
Added Member To Class: ClassName=U_Power_Phase Member=Component R35 NTC 10K 1%
Added Member To Class: ClassName=U_Power_Phase Member=Component R36 4.7K 5%
Added Member To Class: ClassName=U_Power_Phase Member=Component R37 4.02K 1%
Added Member To Class: ClassName=U_Power_Phase Member=Component R38 4.02K 1%
Added Member To Class: ClassName=U_Power_Phase Member=Component R39 4.02K 1%
Added Member To Class: ClassName=U_Power_Phase Member=Component R40 18K 1%
Added Member To Class: ClassName=U_Output Member=Component R41 0R 5%
Added Member To Class: ClassName=U_Output Member=Component R42 56R 5%
Added Member To Class: ClassName=U_Output Member=Component R43 100R 5%
Added Member To Class: ClassName=U_Output Member=Component R44 10K 5%
Added Member To Class: ClassName=U_Output Member=Component R45 56R 5%
Added Member To Class: ClassName=U_Output Member=Component R46 1R 5%
Added Member To Class: ClassName=U_Output Member=Component R47 100R 5%
Added Member To Class: ClassName=U_Output Member=Component R48 10K 5%
Added Member To Class: ClassName=U_Output Member=Component R49 0R 5%
Added Member To Class: ClassName=U_Output Member=Component R50 56R 5%
Added Member To Class: ClassName=U_Output Member=Component R51 100R 5%
Added Member To Class: ClassName=U_Output Member=Component R52 10K 5%
Added Member To Class: ClassName=U_Output Member=Component R53 56R 5%
Added Member To Class: ClassName=U_Output Member=Component R54 1R 5%
Added Member To Class: ClassName=U_Output Member=Component R55 100R 5%
Added Member To Class: ClassName=U_Output Member=Component R56 10K 5%
Added Member To Class: ClassName=U_Output Member=Component R57 0R 5%
Added Member To Class: ClassName=U_Output Member=Component R58 56R 5%
Added Member To Class: ClassName=U_Output Member=Component R59 100R 5%
Added Member To Class: ClassName=U_Output Member=Component R60 10K 5%
Added Member To Class: ClassName=U_Output Member=Component R61 56R 5%
Added Member To Class: ClassName=U_Output Member=Component R62 1R 5%
Added Member To Class: ClassName=U_Output Member=Component R63 100R 5%
Added Member To Class: ClassName=U_Output Member=Component R64 10K 5%
Added Member To Class: ClassName=U_Comuncation Member=Component R65 510R 5%
Added Member To Class: ClassName=U_Comuncation Member=Component R66 510R 5%
Added Member To Class: ClassName=U_Microcontroller Member=Component TP1 Test Point
Added Member To Class: ClassName=U_Microcontroller Member=Component TP2 Test Point
Added Member To Class: ClassName=U_Microcontroller Member=Component TP3 Test Point
Added Member To Class: ClassName=U_Microcontroller Member=Component TP4 Test Point
Added Member To Class: ClassName=U_Microcontroller Member=Component TP5 Test Point
Added Member To Class: ClassName=U_Microcontroller Member=Component TP6 Test Point
Added Member To Class: ClassName=U_Microcontroller Member=Component TP7 Test Point
Added Member To Class: ClassName=U_Output Member=Component TP8 TP_CH1N
Added Member To Class: ClassName=U_Output Member=Component TP9 TP_CH1
Added Member To Class: ClassName=U_Output Member=Component TP10 TP_CH2N
Added Member To Class: ClassName=U_Output Member=Component TP11 TP_CH2
Added Member To Class: ClassName=U_Output Member=Component TP12 TP_CH3N
Added Member To Class: ClassName=U_Output Member=Component TP13 TP_CH3
Added Member To Class: ClassName=U_Microcontroller Member=Component U1 STM32F303CBT7
Added Member To Class: ClassName=U_Comparator_OpAmp Member=Component U2 TSV991ILT
Added Member To Class: ClassName=U_Comparator_OpAmp Member=Component U3 TSV991ILT
Added Member To Class: ClassName=U_Comparator_OpAmp Member=Component U4 TSV991ILT
Added Member To Class: ClassName=U_Power_Phase Member=Component U5 L7986TR
Added Member To Class: ClassName=U_Power_Phase Member=Component U6 LD1117S50TR
Added Member To Class: ClassName=U_Output Member=Component U8 L6398D
Added Member To Class: ClassName=U_Output Member=Component U9 L6398D
Added Member To Class: ClassName=U_Output Member=Component U10 L6398D
Added Member To Class: ClassName=U_Microcontroller Member=Component X1 8MHz
Added Room: Name=U_Comparator_OpAmp
Added Room: Name=U_Comuncation
Added Room: Name=U_Microcontroller
Added Room: Name=U_Output
Added Room: Name=U_Power_Phase
