Added Net: Name=+3.3V
Added Net: Name=+5V
Added Net: Name=+10V
Added Net: Name=CURR_FDBK1
Added Net: Name=CURR_FDBK2
Added Net: Name=CURR_FDBK3
Added Net: Name=GND
Added Net: Name=INPUT
Added Net: Name=NetC5_2
Added Net: Name=NetC9_2
Added Net: Name=NetC16_2
Added Net: Name=NetC17_1
Added Net: Name=NetC18_2
Added Net: Name=NetC19_1
Added Net: Name=NetC20_1
Added Net: Name=NetC21_2
Added Net: Name=NetC22_1
Added Net: Name=NetC23_1
Added Net: Name=NetC25_1
Added Net: Name=NetC29_1
Added Net: Name=NetC30_1
Added Net: Name=NetC30_2
Added Net: Name=NetC32_1
Added Net: Name=NetC34_2
Added Net: Name=NetC41_1
Added Net: Name=NetC49_2
Added Net: Name=NetC50_1
Added Net: Name=NetC54_2
Added Net: Name=NetC55_1
Added Net: Name=NetC59_2
Added Net: Name=NetD1_2
Added Net: Name=NetD3_2
Added Net: Name=NetD5_1
Added Net: Name=NetD5_2
Added Net: Name=NetD6_1
Added Net: Name=NetD6_2
Added Net: Name=NetD7_2
Added Net: Name=NetD8_1
Added Net: Name=NetD8_2
Added Net: Name=NetD9_1
Added Net: Name=NetD9_2
Added Net: Name=NetD10_2
Added Net: Name=NetD11_1
Added Net: Name=NetD11_2
Added Net: Name=NetD12_1
Added Net: Name=NetD12_2
Added Net: Name=NetD13_1
Added Net: Name=NetD14_1
Added Net: Name=NetR1_1
Added Net: Name=NetR2_1
Added Net: Name=NetR2_2
Added Net: Name=NetR4_2
Added Net: Name=NetR22_1
Added Net: Name=NetR26_2
Added Net: Name=NetR42_1
Added Net: Name=NetR45_1
Added Net: Name=NetR50_1
Added Net: Name=NetR53_1
Added Net: Name=NetR58_1
Added Net: Name=NetR61_1
Added Net: Name=NetTP1_1
Added Net: Name=NetTP2_1
Added Net: Name=NetTP6_1
Added Net: Name=NetU1_5
Added Net: Name=OUT1
Added Net: Name=OUT2
Added Net: Name=OUT3
Added Net: Name=PHASE_1
Added Net: Name=PHASE_2
Added Net: Name=PHASE_3
Added Net: Name=STATUS
Added Net: Name=SWCLK
Added Net: Name=SWDIO
Added Net: Name=TEMP_FDBK
Added Net: Name=TIM1_CH1N
Added Net: Name=TIM1_CH1
Added Net: Name=TIM1_CH2N
Added Net: Name=TIM1_CH2
Added Net: Name=TIM1_CH3N
Added Net: Name=TIM1_CH3
Added Net: Name=USART1_RX/I2C1_SDA
Added Net: Name=USART1_TX/I2C1_SCL
Added Net: Name=V+
Added Net: Name=V-
Added Net: Name=VBUS
Added Net: Name=VREF
Added Net: Name=VSHUNT_1_FILTERED
Added Net: Name=VSHUNT_1
Added Net: Name=VSHUNT_2_FILTERED
Added Net: Name=VSHUNT_2
Added Net: Name=VSHUNT_3_FILTERED
Added Net: Name=VSHUNT_3
Added Class: Name=U_Comparator_OpAmp
Added Class: Name=U_Comuncation
Added Class: Name=U_Microcontroller
Added Class: Name=U_Output
Added Class: Name=U_Power_Phase
Added Room: Name=U_Comparator_OpAmp
Added Room: Name=U_Comuncation
Added Room: Name=U_Microcontroller
Added Room: Name=U_Output
Added Room: Name=U_Power_Phase
